<?xml version="1.0" encoding="UTF-8"?>
<!-- Generated by org.testng.reporters.JUnitReportReporter -->
<testsuite skipped="0" hostname="admin-PC" name="testCase.crm.login.TestLogin" tests="1" failures="0" timestamp="24 Aug 2018 09:46:49 GMT" time="60.438" errors="0">
  <testcase name="testLogin" time="60.438" classname="testCase.crm.login.TestLogin"/>
</testsuite> <!-- testCase.crm.login.TestLogin -->
